TN:
SF:src/firebaseApi.js
FN:2,_regeneratorRuntime
FN:7,_callee
FN:12,_callee2
FN:22,_callee3
FN:31,_callee4
FN:41,_callee5
FN:50,_callee6
FN:58,_callee7
FN:66,_callee8
FN:71,_callee9
FN:76,_callee10
FN:81,_callee11
FN:86,_callee12
FN:86,_callee12$
FNF:14
FNH:3
FNDA:2,_regeneratorRuntime
FNDA:0,_callee
FNDA:0,_callee2
FNDA:0,_callee3
FNDA:0,_callee4
FNDA:0,_callee5
FNDA:0,_callee6
FNDA:0,_callee7
FNDA:0,_callee8
FNDA:0,_callee9
FNDA:0,_callee10
FNDA:0,_callee11
FNDA:2,_callee12
FNDA:2,_callee12$
DA:1,1
DA:2,2
DA:3,1
DA:4,1
DA:5,1
DA:6,1
DA:7,1
DA:8,0
DA:9,0
DA:10,1
DA:11,1
DA:12,1
DA:13,0
DA:14,0
DA:15,0
DA:16,0
DA:17,0
DA:18,0
DA:19,0
DA:20,1
DA:21,1
DA:22,1
DA:23,0
DA:24,0
DA:25,0
DA:26,0
DA:27,0
DA:28,0
DA:29,1
DA:30,1
DA:31,1
DA:32,0
DA:33,0
DA:34,0
DA:35,0
DA:36,0
DA:37,0
DA:38,0
DA:39,1
DA:40,1
DA:41,1
DA:42,0
DA:43,0
DA:44,0
DA:45,0
DA:46,0
DA:47,0
DA:48,1
DA:49,1
DA:50,1
DA:51,0
DA:52,0
DA:53,0
DA:54,0
DA:55,0
DA:56,1
DA:57,1
DA:58,1
DA:59,0
DA:60,0
DA:61,0
DA:62,0
DA:63,0
DA:64,1
DA:65,1
DA:66,1
DA:67,0
DA:68,0
DA:69,1
DA:70,1
DA:71,1
DA:72,0
DA:73,0
DA:74,1
DA:75,1
DA:76,1
DA:77,0
DA:78,0
DA:79,1
DA:80,1
DA:81,1
DA:82,0
DA:83,0
DA:84,1
DA:85,1
DA:86,1
DA:87,2
DA:88,0
DA:89,1
DA:90,1
DA:91,1
DA:92,1
DA:93,1
DA:94,1
DA:95,1
DA:96,1
DA:97,1
DA:98,1
DA:99,1
DA:100,1
DA:101,1
DA:102,1
DA:103,1
DA:104,1
LF:104
LH:57
BRDA:2,0,0,2
BRDA:7,1,0,2
BRDA:12,2,0,2
BRDA:22,3,0,2
BRDA:31,4,0,2
BRDA:41,5,0,2
BRDA:50,6,0,2
BRDA:58,7,0,2
BRDA:66,8,0,2
BRDA:71,9,0,2
BRDA:76,10,0,2
BRDA:81,11,0,2
BRDA:86,12,0,2
BRDA:86,13,0,2
BRDA:86,14,0,2
BRDA:87,15,0,0
BRDA:88,16,0,0
BRDA:88,17,0,0
BRF:18
BRH:15
end_of_record
TN:
SF:src/Context/Context.jsx
FNF:0
FNH:0
DA:1,1
DA:2,1
DA:3,1
DA:4,1
DA:5,1
DA:6,1
DA:7,1
DA:8,1
DA:9,1
DA:10,1
DA:11,1
DA:12,1
DA:13,1
DA:14,1
DA:15,1
DA:16,1
DA:17,1
DA:18,1
LF:18
LH:18
BRF:0
BRH:0
end_of_record
TN:
SF:src/components/Accordions/EpisodesAccordions.jsx
FN:36,Summary
FN:67,Details
FNF:2
FNH:2
FNDA:10,Summary
FNDA:10,Details
DA:1,1
DA:2,1
DA:3,1
DA:4,1
DA:5,1
DA:6,1
DA:7,1
DA:8,1
DA:9,1
DA:10,1
DA:11,1
DA:12,1
DA:13,1
DA:14,1
DA:15,1
DA:16,1
DA:17,1
DA:18,1
DA:19,1
DA:20,1
DA:21,1
DA:22,10
DA:23,10
DA:24,10
DA:25,10
DA:26,10
DA:27,10
DA:28,10
DA:29,10
DA:30,1
DA:31,1
DA:32,1
DA:33,10
DA:34,1
DA:35,1
DA:36,1
DA:37,10
DA:38,10
DA:39,10
DA:40,10
DA:41,10
DA:42,10
DA:43,10
DA:44,10
DA:45,10
DA:46,10
DA:47,10
DA:48,10
DA:49,10
DA:50,10
DA:51,10
DA:52,10
DA:53,10
DA:54,10
DA:55,10
DA:56,10
DA:57,10
DA:58,10
DA:59,10
DA:60,10
DA:61,10
DA:62,10
DA:63,10
DA:64,10
DA:65,10
DA:66,1
DA:67,1
DA:68,10
DA:69,10
DA:70,10
DA:71,10
DA:72,10
DA:73,10
DA:74,10
DA:75,10
DA:76,10
DA:77,10
DA:78,10
DA:79,10
DA:80,10
DA:81,10
DA:82,10
DA:83,10
DA:84,10
DA:85,10
DA:86,10
DA:87,1
DA:88,1
DA:89,6
DA:90,6
DA:91,6
DA:92,10
DA:93,10
DA:94,10
DA:95,10
DA:96,10
DA:97,10
DA:98,6
DA:99,6
DA:100,6
DA:101,1
LF:101
LH:101
BRDA:21,0,0,10
BRDA:32,1,0,10
BRDA:36,2,0,10
BRDA:67,3,0,10
BRDA:88,4,0,6
BRDA:91,5,0,10
BRF:6
BRH:6
end_of_record
TN:
SF:src/components/Accordions/SeasonsAccordions.jsx
FN:44,SeasonAccordionDetails
FN:64,SeasonAccordionSummary
FN:81,SeasonsAccordions
FNF:3
FNH:3
FNDA:2,SeasonAccordionDetails
FNDA:2,SeasonAccordionSummary
FNDA:3,SeasonsAccordions
DA:1,1
DA:2,1
DA:3,1
DA:4,1
DA:5,1
DA:6,1
DA:7,1
DA:8,1
DA:9,1
DA:10,1
DA:11,1
DA:12,1
DA:13,1
DA:14,1
DA:15,1
DA:16,1
DA:17,1
DA:18,1
DA:19,1
DA:20,1
DA:21,1
DA:22,1
DA:23,1
DA:24,2
DA:25,2
DA:26,2
DA:27,2
DA:28,2
DA:29,2
DA:30,1
DA:31,1
DA:32,1
DA:33,2
DA:34,2
DA:35,2
DA:36,2
DA:37,1
DA:38,1
DA:39,2
DA:40,2
DA:41,2
DA:42,1
DA:43,1
DA:44,1
DA:45,2
DA:46,2
DA:47,2
DA:48,2
DA:49,2
DA:50,2
DA:51,2
DA:52,2
DA:53,2
DA:54,2
DA:55,2
DA:56,2
DA:57,2
DA:58,2
DA:59,2
DA:60,2
DA:61,2
DA:62,2
DA:63,1
DA:64,1
DA:65,2
DA:66,2
DA:67,2
DA:68,2
DA:69,2
DA:70,2
DA:71,2
DA:72,2
DA:73,2
DA:74,2
DA:75,2
DA:76,2
DA:77,2
DA:78,2
DA:79,2
DA:80,1
DA:81,1
DA:82,3
DA:83,3
DA:84,3
DA:85,3
DA:86,2
DA:87,2
DA:88,2
DA:89,2
DA:90,2
DA:91,2
DA:92,2
DA:93,3
DA:94,3
DA:95,3
DA:96,3
LF:96
LH:96
BRDA:23,0,0,2
BRDA:32,1,0,2
BRDA:38,2,0,2
BRDA:44,3,0,2
BRDA:64,4,0,2
BRDA:81,5,0,3
BRDA:82,6,0,2
BRDA:85,7,0,2
BRF:8
BRH:8
end_of_record
TN:
SF:src/components/Accordions/components/CustomAccordion.jsx
FN:9,handleChange
FNF:1
FNH:1
FNDA:2,handleChange
DA:1,1
DA:2,1
DA:3,1
DA:4,1
DA:5,1
DA:6,19
DA:7,16
DA:8,16
DA:9,16
DA:10,2
DA:11,16
DA:12,16
DA:13,16
DA:14,16
DA:15,16
DA:16,16
DA:17,16
DA:18,16
DA:19,16
DA:20,16
DA:21,16
DA:22,16
DA:23,16
DA:24,16
DA:25,16
DA:26,16
DA:27,16
DA:28,16
DA:29,1
LF:29
LH:29
BRDA:5,0,0,19
BRDA:6,1,0,16
BRDA:6,2,0,0
BRDA:6,3,0,16
BRDA:9,4,0,2
BRDA:10,5,0,1
BRDA:10,6,0,1
BRF:7
BRH:6
end_of_record
TN:
SF:src/components/Accordions/components/DetailsWrapper.jsx
FNF:0
FNH:0
DA:1,1
DA:2,1
DA:3,1
DA:4,1
DA:5,13
DA:6,13
DA:7,13
DA:8,13
DA:9,13
DA:10,1
LF:10
LH:10
BRDA:4,0,0,13
BRF:1
BRH:1
end_of_record
TN:
SF:src/components/Accordions/components/Overview.jsx
FN:19,Overview
FNF:1
FNH:1
FNDA:14,Overview
DA:1,1
DA:2,1
DA:3,1
DA:4,1
DA:5,1
DA:6,1
DA:7,1
DA:8,13
DA:9,13
DA:10,13
DA:11,1
DA:12,1
DA:13,1
DA:14,13
DA:15,13
DA:16,13
DA:17,13
DA:18,1
DA:19,1
DA:20,14
DA:21,14
DA:22,13
DA:23,13
DA:24,13
DA:25,13
DA:26,13
DA:27,13
LF:27
LH:27
BRDA:7,0,0,13
BRDA:13,1,0,13
BRDA:19,2,0,14
BRDA:21,3,0,13
BRDA:21,4,0,1
BRF:5
BRH:5
end_of_record
TN:
SF:src/components/Accordions/components/ReleaseDate.jsx
FNF:0
FNH:0
DA:1,1
DA:2,1
DA:3,1
DA:4,1
DA:5,14
DA:6,14
DA:7,14
DA:8,14
DA:9,14
DA:10,14
DA:11,14
DA:12,14
DA:13,14
DA:14,14
DA:15,14
DA:16,14
DA:17,1
LF:17
LH:17
BRDA:4,0,0,14
BRF:1
BRH:1
end_of_record
TN:
SF:src/components/Accordions/components/StillImageWrapper.jsx
FNF:0
FNH:0
DA:1,1
DA:2,1
DA:3,1
DA:4,1
DA:5,13
DA:6,13
DA:7,13
DA:8,13
DA:9,13
DA:10,13
DA:11,13
DA:12,13
DA:13,13
DA:14,13
DA:15,1
LF:15
LH:15
BRDA:4,0,0,13
BRF:1
BRH:1
end_of_record
TN:
SF:src/components/Accordions/components/SymmeryTitel.jsx
FNF:0
FNH:0
DA:1,1
DA:2,1
DA:3,1
DA:4,1
DA:5,13
DA:6,13
DA:7,13
DA:8,13
DA:9,13
DA:10,13
DA:11,13
DA:12,13
DA:13,1
LF:13
LH:13
BRDA:4,0,0,13
BRF:1
BRH:1
end_of_record
TN:
SF:src/components/Authentication/SignIn.jsx
FN:2,asyncGeneratorStep
FN:2,_asyncToGenerator
FN:2,_slicedToArray
FN:2,_nonIterableRest
FN:2,_unsupportedIterableToArray
FN:2,_arrayLikeToArray
FN:2,_iterableToArrayLimit
FN:2,_arrayWithHoles
FN:7,SignIn
FN:14,handlerOpen
FN:15,handlerClose
FN:17,handlerEmailChange
FN:22,handlerPasswordChange
FN:27,handlerSignIn
FNF:14
FNH:3
FNDA:0,asyncGeneratorStep
FNDA:0,_asyncToGenerator
FNDA:65,_slicedToArray
FNDA:0,_nonIterableRest
FNDA:0,_unsupportedIterableToArray
FNDA:0,_arrayLikeToArray
FNDA:0,_iterableToArrayLimit
FNDA:65,_arrayWithHoles
FNDA:13,SignIn
FNDA:0,handlerOpen
FNDA:0,handlerClose
FNDA:0,handlerEmailChange
FNDA:0,handlerPasswordChange
FNDA:0,handlerSignIn
DA:1,1
DA:2,65
DA:3,1
DA:4,1
DA:5,1
DA:6,1
DA:7,1
DA:8,13
DA:9,13
DA:10,13
DA:11,13
DA:12,13
DA:13,13
DA:14,13
DA:15,13
DA:16,13
DA:17,13
DA:18,0
DA:19,0
DA:20,13
DA:21,13
DA:22,13
DA:23,0
DA:24,0
DA:25,13
DA:26,13
DA:27,13
DA:28,0
DA:29,0
DA:30,0
DA:31,0
DA:32,0
DA:33,0
DA:34,0
DA:35,0
DA:36,13
DA:37,13
DA:38,13
DA:39,13
DA:40,13
DA:41,13
DA:42,13
DA:43,13
DA:44,13
DA:45,13
DA:46,13
DA:47,13
DA:48,13
DA:49,13
DA:50,13
DA:51,13
DA:52,13
DA:53,13
DA:54,13
DA:55,13
DA:56,13
DA:57,13
DA:58,13
LF:58
LH:46
BRDA:2,0,0,65
BRDA:2,1,0,0
BRDA:2,2,0,0
BRDA:2,3,0,0
BRDA:2,4,0,65
BRDA:7,5,0,13
BRF:6
BRH:3
end_of_record
TN:
SF:src/components/Authentication/SignOut.jsx
FN:5,SignOut
FNF:1
FNH:0
FNDA:0,SignOut
DA:1,1
DA:2,1
DA:3,1
DA:4,1
DA:5,1
DA:6,0
DA:7,0
DA:8,0
DA:9,0
DA:10,0
DA:11,0
DA:12,0
LF:12
LH:5
BRF:0
BRH:0
end_of_record
TN:
SF:src/components/Authentication/SignUp.jsx
FN:8,SignUp
FN:16,handlerOpen
FN:17,handlerClose
FN:19,handlerEmailChange
FN:24,handlerPasswordChange
FN:29,handlerSignUp
FNF:6
FNH:1
FNDA:13,SignUp
FNDA:0,handlerOpen
FNDA:0,handlerClose
FNDA:0,handlerEmailChange
FNDA:0,handlerPasswordChange
FNDA:0,handlerSignUp
DA:1,1
DA:2,1
DA:3,1
DA:4,1
DA:5,1
DA:6,1
DA:7,1
DA:8,1
DA:9,13
DA:10,13
DA:11,13
DA:12,13
DA:13,13
DA:14,13
DA:15,13
DA:16,13
DA:17,13
DA:18,13
DA:19,13
DA:20,0
DA:21,0
DA:22,13
DA:23,13
DA:24,13
DA:25,0
DA:26,0
DA:27,13
DA:28,13
DA:29,13
DA:30,0
DA:31,0
DA:32,0
DA:33,0
DA:34,0
DA:35,0
DA:36,0
DA:37,0
DA:38,0
DA:39,0
DA:40,0
DA:41,13
DA:42,13
DA:43,13
DA:44,13
DA:45,13
DA:46,13
DA:47,13
DA:48,13
DA:49,13
DA:50,13
DA:51,13
DA:52,13
DA:53,13
DA:54,13
DA:55,13
DA:56,13
DA:57,13
DA:58,13
DA:59,13
DA:60,13
DA:61,13
DA:62,13
DA:63,13
DA:64,13
LF:64
LH:49
BRDA:8,0,0,13
BRF:1
BRH:1
end_of_record
TN:
SF:src/components/Authentication/components/EmailAndPasswordFields.jsx
FN:57,EmailAndPasswordFields
FNF:1
FNH:1
FNDA:26,EmailAndPasswordFields
DA:1,1
DA:2,1
DA:3,1
DA:4,1
DA:5,1
DA:6,0
DA:7,0
DA:8,1
DA:9,1
DA:10,1
DA:11,0
DA:12,0
DA:13,0
DA:14,0
DA:15,0
DA:16,0
DA:17,0
DA:18,0
DA:19,0
DA:20,0
DA:21,0
DA:22,0
DA:23,0
DA:24,0
DA:25,0
DA:26,0
DA:27,1
DA:28,1
DA:29,1
DA:30,0
DA:31,0
DA:32,0
DA:33,0
DA:34,0
DA:35,0
DA:36,0
DA:37,0
DA:38,0
DA:39,0
DA:40,0
DA:41,0
DA:42,0
DA:43,0
DA:44,0
DA:45,0
DA:46,0
DA:47,0
DA:48,0
DA:49,0
DA:50,0
DA:51,0
DA:52,0
DA:53,0
DA:54,0
DA:55,1
DA:56,1
DA:57,1
DA:58,26
DA:59,26
DA:60,26
DA:61,26
DA:62,26
DA:63,26
DA:64,26
DA:65,26
DA:66,26
DA:67,26
DA:68,26
DA:69,26
DA:70,26
DA:71,26
DA:72,26
DA:73,26
DA:74,26
DA:75,26
DA:76,26
DA:77,26
DA:78,26
DA:79,26
DA:80,26
DA:81,26
DA:82,26
DA:83,26
DA:84,26
DA:85,0
DA:86,26
DA:87,26
DA:88,26
LF:88
LH:44
BRDA:57,0,0,26
BRDA:74,1,0,0
BRDA:84,2,0,0
BRF:3
BRH:1
end_of_record
TN:
SF:src/components/CustomList/CustomList.jsx
FNF:0
FNH:0
DA:1,1
DA:2,1
DA:3,1
DA:4,1
DA:5,1
DA:6,1
DA:7,1
DA:8,2
DA:9,2
DA:10,2
DA:11,2
DA:12,2
DA:13,2
DA:14,2
DA:15,2
DA:16,2
DA:17,2
DA:18,2
DA:19,2
DA:20,2
DA:21,1
DA:22,1
DA:23,1
DA:24,2
DA:25,2
DA:26,2
DA:27,6
DA:28,6
DA:29,6
DA:30,2
DA:31,2
DA:32,2
DA:33,1
LF:33
LH:33
BRDA:7,0,0,2
BRDA:23,1,0,2
BRDA:26,2,0,6
BRF:3
BRH:3
end_of_record
TN:
SF:src/components/CustomList/components/LinkItem.jsx
FN:12,LinkItem
FNF:1
FNH:1
FNDA:15,LinkItem
DA:1,1
DA:2,1
DA:3,1
DA:4,1
DA:5,1
DA:6,1
DA:7,1
DA:8,1
DA:9,1
DA:10,1
DA:11,1
DA:12,1
DA:13,15
DA:14,15
DA:15,15
DA:16,15
DA:17,15
DA:18,15
DA:19,15
DA:20,15
DA:21,15
DA:22,15
DA:23,15
DA:24,15
DA:25,15
DA:26,15
DA:27,15
DA:28,15
DA:29,15
LF:29
LH:29
BRDA:12,0,0,15
BRDA:21,1,0,7
BRDA:24,2,0,2
BRF:3
BRH:3
end_of_record
TN:
SF:src/components/CustomList/components/ListItem.jsx
FNF:0
FNH:0
DA:1,1
DA:2,1
DA:3,1
DA:4,1
DA:5,1
DA:6,1
DA:7,12
DA:8,12
DA:9,12
DA:10,12
DA:11,12
DA:12,12
DA:13,12
DA:14,12
DA:15,1
DA:16,1
DA:17,1
DA:18,12
DA:19,12
DA:20,12
DA:21,12
DA:22,1
LF:22
LH:22
BRDA:6,0,0,12
BRDA:17,1,0,12
BRF:2
BRH:2
end_of_record
TN:
SF:src/components/CustomList/components/ReleaseAndRating.jsx
FN:12,DataAndRatingStyle
FN:50,GridContainer
FN:63,ReleaseAndRating
FNF:3
FNH:3
FNDA:28,DataAndRatingStyle
FNDA:14,GridContainer
FNDA:16,ReleaseAndRating
DA:1,1
DA:2,1
DA:3,1
DA:4,1
DA:5,1
DA:6,1
DA:7,14
DA:8,1
DA:9,1
DA:10,1
DA:11,1
DA:12,1
DA:13,28
DA:14,28
DA:15,28
DA:16,28
DA:17,28
DA:18,28
DA:19,28
DA:20,28
DA:21,28
DA:22,28
DA:23,28
DA:24,28
DA:25,28
DA:26,28
DA:27,28
DA:28,1
DA:29,1
DA:30,14
DA:31,14
DA:32,14
DA:33,14
DA:34,14
DA:35,14
DA:36,14
DA:37,14
DA:38,14
DA:39,14
DA:40,14
DA:41,14
DA:42,14
DA:43,14
DA:44,14
DA:45,14
DA:46,14
DA:47,14
DA:48,1
DA:49,1
DA:50,1
DA:51,14
DA:52,14
DA:53,14
DA:54,14
DA:55,14
DA:56,14
DA:57,14
DA:58,14
DA:59,14
DA:60,14
DA:61,14
DA:62,1
DA:63,1
DA:64,16
DA:65,16
DA:66,16
DA:67,16
DA:68,2
DA:69,2
DA:70,14
DA:71,14
DA:72,14
DA:73,14
DA:74,14
DA:75,14
DA:76,16
DA:77,16
DA:78,16
DA:79,16
DA:80,16
DA:81,16
DA:82,16
DA:83,16
DA:84,16
DA:85,16
DA:86,16
DA:87,16
DA:88,16
DA:89,16
DA:90,16
DA:91,16
LF:91
LH:91
BRDA:6,0,0,14
BRDA:10,1,0,14
BRDA:12,2,0,28
BRDA:29,3,0,14
BRDA:50,4,0,14
BRDA:63,5,0,16
BRDA:67,6,0,2
BRDA:67,7,0,2
BRDA:67,8,0,2
BRDA:69,9,0,14
BRDA:76,10,0,0
BRF:11
BRH:10
end_of_record
TN:
SF:src/components/Descriptions/Description.jsx
FNF:0
FNH:0
DA:1,1
DA:2,1
DA:3,1
DA:4,1
DA:5,1
DA:6,1
DA:7,1
DA:8,1
DA:9,1
DA:10,1
DA:11,1
DA:12,1
DA:13,1
DA:14,1
DA:15,1
DA:16,1
DA:17,1
DA:18,1
DA:19,1
DA:20,20
DA:21,1
DA:22,1
DA:23,1
DA:24,20
DA:25,20
DA:26,20
DA:27,20
DA:28,20
DA:29,20
DA:30,20
DA:31,20
DA:32,20
DA:33,20
DA:34,20
DA:35,20
DA:36,20
DA:37,20
DA:38,20
DA:39,20
DA:40,20
DA:41,20
DA:42,20
DA:43,20
DA:44,20
DA:45,20
DA:46,20
DA:47,20
DA:48,20
DA:49,20
DA:50,20
DA:51,20
DA:52,20
DA:53,20
DA:54,20
DA:55,20
DA:56,20
DA:57,20
DA:58,20
DA:59,20
DA:60,160
DA:61,80
DA:62,80
DA:63,80
DA:64,80
DA:65,160
DA:66,160
DA:67,20
DA:68,20
DA:69,20
DA:70,20
DA:71,20
DA:72,20
DA:73,20
DA:74,20
DA:75,20
DA:76,20
DA:77,1
DA:78,1
LF:78
LH:78
BRDA:19,0,0,20
BRDA:23,1,0,20
BRDA:23,2,0,0
BRDA:32,3,0,10
BRDA:32,4,0,10
BRDA:53,5,0,10
BRDA:73,6,0,0
BRDA:59,7,0,160
BRDA:60,8,0,80
BRF:9
BRH:7
end_of_record
TN:
SF:src/components/Descriptions/PersonDescription.jsx
FN:14,createLink
FNF:1
FNH:1
FNDA:12,createLink
DA:1,1
DA:2,1
DA:3,1
DA:4,1
DA:5,1
DA:6,1
DA:7,1
DA:8,1
DA:9,1
DA:10,1
DA:11,1
DA:12,1
DA:13,1
DA:14,1
DA:15,12
DA:16,6
DA:17,6
DA:18,6
DA:19,6
DA:20,6
DA:21,6
DA:22,1
DA:23,1
DA:24,1
DA:25,1
DA:26,1
DA:27,1
DA:28,1
DA:29,1
DA:30,1
DA:31,1
DA:32,1
DA:33,12
DA:34,12
DA:35,12
DA:36,12
DA:37,12
DA:38,12
DA:39,12
DA:40,12
DA:41,12
DA:42,12
DA:43,12
DA:44,12
DA:45,6
DA:46,6
DA:47,6
DA:48,6
DA:49,12
DA:50,12
DA:51,12
DA:52,12
DA:53,12
DA:54,12
DA:55,12
DA:56,12
DA:57,48
DA:58,24
DA:59,24
DA:60,24
DA:61,24
DA:62,48
DA:63,24
DA:64,12
DA:65,12
DA:66,12
DA:67,12
DA:68,12
DA:69,12
DA:70,12
DA:71,12
DA:72,12
DA:73,12
DA:74,12
DA:75,12
DA:76,12
DA:77,12
DA:78,1
LF:78
LH:78
BRDA:14,0,0,12
BRDA:15,1,0,6
BRDA:32,2,0,12
BRDA:33,3,0,0
BRDA:44,4,0,6
BRDA:70,5,0,0
BRDA:56,6,0,48
BRDA:57,7,0,24
BRDA:63,8,0,24
BRF:9
BRH:7
end_of_record
TN:
SF:src/components/Descriptions/components/CustomDescriptinoRow.jsx
FNF:0
FNH:0
DA:1,1
DA:2,1
DA:3,1
DA:4,1
DA:5,1
DA:6,214
DA:7,214
DA:8,214
DA:9,214
DA:10,1
DA:11,1
DA:12,107
DA:13,107
DA:14,107
DA:15,107
DA:16,107
DA:17,107
DA:18,1
LF:18
LH:18
BRDA:5,0,0,214
BRDA:11,1,0,107
BRF:2
BRH:2
end_of_record
TN:
SF:src/components/Descriptions/components/CustomDescriptionBox.jsx
FNF:0
FNH:0
DA:1,1
DA:2,1
DA:3,1
DA:4,1
DA:5,32
DA:6,32
DA:7,32
DA:8,32
DA:9,32
DA:10,32
DA:11,32
DA:12,32
DA:13,32
DA:14,32
DA:15,32
DA:16,32
DA:17,32
DA:18,1
LF:18
LH:18
BRDA:4,0,0,32
BRF:1
BRH:1
end_of_record
TN:
SF:src/components/Descriptions/components/DescriptionOverview.jsx
FNF:0
FNH:0
DA:1,1
DA:2,1
DA:3,1
DA:4,1
DA:5,35
DA:6,35
DA:7,35
DA:8,1
DA:9,1
DA:10,1
DA:11,35
DA:12,35
DA:13,35
DA:14,35
DA:15,1
DA:16,1
DA:17,35
DA:18,35
DA:19,35
DA:20,1
LF:20
LH:20
BRDA:4,0,0,35
BRDA:10,1,0,35
BRDA:16,2,0,35
BRF:3
BRH:3
end_of_record
TN:
SF:src/components/Descriptions/components/DescriptionTitle.jsx
FNF:0
FNH:0
DA:1,1
DA:2,1
DA:3,1
DA:4,32
DA:5,32
DA:6,32
DA:7,32
DA:8,1
LF:8
LH:8
BRDA:3,0,0,32
BRF:1
BRH:1
end_of_record
TN:
SF:src/components/Layout/Layout.jsx
FN:2,asyncGeneratorStep
FN:2,_asyncToGenerator
FN:2,_next
FN:2,_throw
FN:2,_slicedToArray
FN:2,_nonIterableRest
FN:2,_unsupportedIterableToArray
FN:2,_arrayLikeToArray
FN:2,_iterableToArrayLimit
FN:2,_arrayWithHoles
FN:17,Layout
FN:20,_callee
FN:20,_callee$
FNF:13
FNH:8
FNDA:2,asyncGeneratorStep
FNDA:2,_asyncToGenerator
FNDA:2,_next
FNDA:0,_throw
FNDA:2,_slicedToArray
FNDA:0,_nonIterableRest
FNDA:0,_unsupportedIterableToArray
FNDA:0,_arrayLikeToArray
FNDA:0,_iterableToArrayLimit
FNDA:2,_arrayWithHoles
FNDA:2,Layout
FNDA:2,_callee
FNDA:2,_callee$
DA:1,1
DA:2,2
DA:3,1
DA:4,1
DA:5,1
DA:6,1
DA:7,1
DA:8,1
DA:9,1
DA:10,1
DA:11,1
DA:12,1
DA:13,1
DA:14,1
DA:15,1
DA:16,1
DA:17,1
DA:18,2
DA:19,2
DA:20,2
DA:21,2
DA:22,0
DA:23,0
DA:24,0
DA:25,0
DA:26,0
DA:27,2
DA:28,2
DA:29,2
DA:30,2
DA:31,2
DA:32,2
DA:33,2
DA:34,2
DA:35,2
DA:36,2
DA:37,2
DA:38,2
DA:39,2
DA:40,2
DA:41,2
DA:42,2
DA:43,2
LF:43
LH:38
BRDA:2,0,0,2
BRDA:2,1,0,0
BRDA:2,2,0,0
BRDA:2,3,0,2
BRDA:2,4,0,2
BRDA:2,5,0,2
BRDA:2,6,0,2
BRDA:2,7,0,2
BRDA:2,8,0,0
BRDA:2,9,0,0
BRDA:2,10,0,0
BRDA:2,11,0,2
BRDA:17,12,0,2
BRDA:19,13,0,2
BRDA:20,14,0,2
BRDA:20,15,0,2
BRDA:21,16,0,0
BRF:17
BRH:11
end_of_record
TN:
SF:src/components/Loader/Loader.jsx
FN:5,Loader
FNF:1
FNH:1
FNDA:3,Loader
DA:1,1
DA:2,1
DA:3,1
DA:4,1
DA:5,1
DA:6,3
DA:7,3
DA:8,3
DA:9,3
DA:10,3
DA:11,3
DA:12,3
DA:13,3
DA:14,3
DA:15,3
DA:16,3
DA:17,3
DA:18,3
DA:19,3
DA:20,3
LF:20
LH:20
BRDA:5,0,0,3
BRF:1
BRH:1
end_of_record
TN:
SF:src/components/NavBar/NavBar.jsx
FN:23,handleOpenNavMenu
FN:27,handleCloseNavMenu
FN:31,handleOpenCategoryMenu
FN:38,handleCloseAllMenu
FN:137,onClick
FN:154,onClick
FNF:6
FNH:4
FNDA:2,handleOpenNavMenu
FNDA:2,handleCloseNavMenu
FNDA:6,handleOpenCategoryMenu
FNDA:0,handleCloseAllMenu
FNDA:0,onClick
FNDA:6,onClick
DA:1,1
DA:2,1
DA:3,1
DA:4,1
DA:5,1
DA:6,1
DA:7,1
DA:8,1
DA:9,1
DA:10,1
DA:11,1
DA:12,1
DA:13,1
DA:14,1
DA:15,1
DA:16,1
DA:17,13
DA:18,13
DA:19,13
DA:20,13
DA:21,13
DA:22,13
DA:23,13
DA:24,2
DA:25,13
DA:26,13
DA:27,13
DA:28,2
DA:29,13
DA:30,13
DA:31,13
DA:32,6
DA:33,6
DA:34,6
DA:35,6
DA:36,13
DA:37,13
DA:38,13
DA:39,0
DA:40,0
DA:41,0
DA:42,13
DA:43,13
DA:44,13
DA:45,13
DA:46,13
DA:47,13
DA:48,13
DA:49,13
DA:50,13
DA:51,13
DA:52,13
DA:53,13
DA:54,13
DA:55,13
DA:56,13
DA:57,13
DA:58,13
DA:59,13
DA:60,13
DA:61,13
DA:62,13
DA:63,13
DA:64,13
DA:65,13
DA:66,13
DA:67,13
DA:68,13
DA:69,13
DA:70,13
DA:71,13
DA:72,13
DA:73,13
DA:74,13
DA:75,13
DA:76,13
DA:77,13
DA:78,13
DA:79,13
DA:80,13
DA:81,13
DA:82,13
DA:83,13
DA:84,117
DA:85,117
DA:86,117
DA:87,117
DA:88,117
DA:89,117
DA:90,117
DA:91,13
DA:92,13
DA:93,13
DA:94,39
DA:95,39
DA:96,39
DA:97,39
DA:98,39
DA:99,39
DA:100,39
DA:101,39
DA:102,39
DA:103,117
DA:104,39
DA:105,39
DA:106,13
DA:107,13
DA:108,13
DA:109,13
DA:110,13
DA:111,13
DA:112,13
DA:113,13
DA:114,13
DA:115,13
DA:116,13
DA:117,13
DA:118,13
DA:119,13
DA:120,13
DA:121,13
DA:122,13
DA:123,13
DA:124,13
DA:125,13
DA:126,13
DA:127,13
DA:128,13
DA:129,13
DA:130,13
DA:131,13
DA:132,13
DA:133,13
DA:134,39
DA:135,39
DA:136,39
DA:137,39
DA:138,39
DA:139,39
DA:140,39
DA:141,13
DA:142,13
DA:143,13
DA:144,13
DA:145,13
DA:146,13
DA:147,13
DA:148,13
DA:149,13
DA:150,13
DA:151,13
DA:152,39
DA:153,39
DA:154,39
DA:155,39
DA:156,39
DA:157,39
DA:158,39
DA:159,39
DA:160,39
DA:161,39
DA:162,13
DA:163,13
DA:164,13
DA:165,13
DA:166,13
DA:167,13
DA:168,13
DA:169,13
DA:170,13
DA:171,0
DA:172,0
DA:173,0
DA:174,0
DA:175,13
DA:176,13
DA:177,13
DA:178,13
DA:179,13
DA:180,13
DA:181,1
LF:181
LH:174
BRDA:16,0,0,13
BRDA:171,1,0,0
BRDA:23,2,0,2
BRDA:27,3,0,2
BRDA:31,4,0,6
BRDA:33,5,0,4
BRDA:34,6,0,4
BRDA:35,7,0,4
BRDA:83,8,0,117
BRDA:93,9,0,39
BRDA:102,10,0,117
BRDA:133,11,0,39
BRDA:151,12,0,39
BRDA:154,13,0,6
BRF:14
BRH:13
end_of_record
TN:
SF:src/components/NavBar/commponents/CustomMenuIcon.jsx
FNF:0
FNH:0
DA:1,1
DA:2,1
DA:3,1
DA:4,1
DA:5,1
DA:6,15
DA:7,15
DA:8,15
DA:9,15
DA:10,15
DA:11,15
DA:12,15
DA:13,15
DA:14,15
DA:15,15
DA:16,15
DA:17,1
LF:17
LH:17
BRDA:5,0,0,15
BRDA:12,1,0,3
BRDA:12,2,0,12
BRF:3
BRH:3
end_of_record
TN:
SF:src/components/NavBar/commponents/GoHomeLink.jsx
FN:4,GoHomeLink
FNF:1
FNH:1
FNDA:2,GoHomeLink
DA:1,1
DA:2,1
DA:3,1
DA:4,1
DA:5,2
DA:6,2
DA:7,2
DA:8,2
LF:8
LH:8
BRDA:4,0,0,2
BRF:1
BRH:1
end_of_record
TN:
SF:src/components/NavBar/commponents/MenuButton.jsx
FNF:0
FNH:0
DA:1,1
DA:2,1
DA:3,1
DA:4,41
DA:5,41
DA:6,41
DA:7,41
DA:8,1
DA:9,1
DA:10,41
DA:11,41
DA:12,41
DA:13,1
LF:13
LH:13
BRDA:3,0,0,41
BRDA:9,1,0,41
BRF:2
BRH:2
end_of_record
TN:
SF:src/components/NavBar/commponents/NavBarMenu.jsx
FNF:0
FNH:0
DA:1,1
DA:2,1
DA:3,1
DA:4,1
DA:5,54
DA:6,54
DA:7,54
DA:8,54
DA:9,54
DA:10,54
DA:11,54
DA:12,54
DA:13,54
DA:14,54
DA:15,54
DA:16,54
DA:17,54
DA:18,54
DA:19,54
DA:20,54
DA:21,54
DA:22,54
DA:23,54
DA:24,54
DA:25,1
LF:25
LH:25
BRDA:4,0,0,54
BRF:1
BRH:1
end_of_record
TN:
SF:src/components/NavBar/commponents/NuvBarButton.jsx
FNF:0
FNH:0
DA:1,1
DA:2,1
DA:3,1
DA:4,28
DA:5,28
DA:6,28
DA:7,28
DA:8,1
DA:9,1
DA:10,28
DA:11,28
DA:12,28
DA:13,1
LF:13
LH:13
BRDA:3,0,0,28
BRDA:9,1,0,28
BRF:2
BRH:2
end_of_record
TN:
SF:src/components/Reviews/Review.jsx
FN:24,AvatarStyle
FN:103,buildAvatar
FNF:2
FNH:2
FNDA:15,AvatarStyle
FNDA:15,buildAvatar
DA:1,1
DA:2,1
DA:3,1
DA:4,1
DA:5,1
DA:6,1
DA:7,15
DA:8,15
DA:9,15
DA:10,15
DA:11,1
DA:12,1
DA:13,1
DA:14,15
DA:15,15
DA:16,15
DA:17,15
DA:18,15
DA:19,15
DA:20,15
DA:21,15
DA:22,1
DA:23,1
DA:24,1
DA:25,15
DA:26,15
DA:27,15
DA:28,15
DA:29,15
DA:30,15
DA:31,15
DA:32,15
DA:33,15
DA:34,15
DA:35,15
DA:36,1
DA:37,1
DA:38,1
DA:39,1
DA:40,0
DA:41,1
DA:42,1
DA:43,1
DA:44,15
DA:45,15
DA:46,1
DA:47,1
DA:48,1
DA:49,15
DA:50,15
DA:51,15
DA:52,15
DA:53,15
DA:54,15
DA:55,15
DA:56,1
DA:57,1
DA:58,1
DA:59,15
DA:60,15
DA:61,15
DA:62,15
DA:63,15
DA:64,15
DA:65,15
DA:66,15
DA:67,15
DA:68,1
DA:69,1
DA:70,1
DA:71,15
DA:72,15
DA:73,15
DA:74,15
DA:75,15
DA:76,15
DA:77,15
DA:78,15
DA:79,15
DA:80,15
DA:81,1
DA:82,1
DA:83,1
DA:84,15
DA:85,15
DA:86,15
DA:87,15
DA:88,15
DA:89,15
DA:90,15
DA:91,15
DA:92,15
DA:93,15
DA:94,1
DA:95,1
DA:96,1
DA:97,18
DA:98,15
DA:99,15
DA:100,15
DA:101,15
DA:102,15
DA:103,15
DA:104,15
DA:105,15
DA:106,15
DA:107,15
DA:108,15
DA:109,15
DA:110,15
DA:111,15
DA:112,15
DA:113,0
DA:114,15
DA:115,15
DA:116,18
DA:117,18
DA:118,18
DA:119,18
DA:120,18
DA:121,18
DA:122,18
DA:123,18
DA:124,18
DA:125,18
DA:126,18
DA:127,18
DA:128,18
DA:129,18
DA:130,1
LF:130
LH:128
BRDA:6,0,0,15
BRDA:13,1,0,15
BRDA:24,2,0,15
BRDA:37,3,0,15
BRDA:43,4,0,15
BRDA:48,5,0,15
BRDA:58,6,0,15
BRDA:70,7,0,15
BRDA:83,8,0,15
BRDA:96,9,0,18
BRDA:97,10,0,3
BRDA:97,11,0,15
BRDA:112,12,0,0
BRDA:114,13,0,15
BRDA:103,14,0,15
BRDA:104,15,0,0
BRDA:105,16,0,0
BRF:17
BRH:14
end_of_record
TN:
SF:src/components/Reviews/Reviews.jsx
FNF:0
FNH:0
DA:1,1
DA:2,1
DA:3,1
DA:4,1
DA:5,1
DA:6,1
DA:7,1
DA:8,1
DA:9,1
DA:10,1
DA:11,1
DA:12,1
DA:13,1
DA:14,1
DA:15,1
DA:16,1
DA:17,7
DA:18,7
DA:19,7
DA:20,7
DA:21,7
DA:22,7
DA:23,7
DA:24,7
DA:25,7
DA:26,7
DA:27,7
DA:28,7
DA:29,7
DA:30,7
DA:31,5
DA:32,5
DA:33,5
DA:34,7
DA:35,5
DA:36,5
DA:37,5
DA:38,5
DA:39,5
DA:40,10
DA:41,5
DA:42,5
DA:43,5
DA:44,7
DA:45,7
DA:46,7
DA:47,1
DA:48,1
DA:49,1
LF:49
LH:49
BRDA:16,0,0,7
BRDA:30,1,0,2
BRDA:30,2,0,5
BRDA:34,3,0,5
BRDA:26,4,0,7
BRDA:39,5,0,10
BRF:6
BRH:6
end_of_record
TN:
SF:src/components/Search/Search.jsx
FN:22,Search
FN:24,searchHandlerChange
FN:27,searchHandlerSubmit
FNF:3
FNH:1
FNDA:15,Search
FNDA:0,searchHandlerChange
FNDA:0,searchHandlerSubmit
DA:1,1
DA:2,1
DA:3,1
DA:4,1
DA:5,1
DA:6,1
DA:7,1
DA:8,15
DA:9,15
DA:10,15
DA:11,15
DA:12,15
DA:13,15
DA:14,15
DA:15,15
DA:16,15
DA:17,15
DA:18,15
DA:19,15
DA:20,1
DA:21,1
DA:22,1
DA:23,15
DA:24,15
DA:25,0
DA:26,15
DA:27,15
DA:28,0
DA:29,0
DA:30,0
DA:31,0
DA:32,15
DA:33,15
DA:34,15
DA:35,15
DA:36,15
DA:37,15
DA:38,15
DA:39,15
DA:40,15
DA:41,15
DA:42,15
DA:43,15
DA:44,15
DA:45,15
DA:46,15
DA:47,15
DA:48,15
LF:48
LH:43
BRDA:7,0,0,15
BRDA:22,1,0,15
BRF:2
BRH:2
end_of_record
TN:
SF:src/components/Search/SearchIconWrapper.jsx
FNF:0
FNH:0
DA:1,1
DA:2,1
DA:3,1
DA:4,15
DA:5,15
DA:6,15
DA:7,15
DA:8,15
DA:9,15
DA:10,15
DA:11,1
LF:11
LH:11
BRDA:3,0,0,15
BRF:1
BRH:1
end_of_record
TN:
SF:src/components/Search/StyledInputBase.jsx
FNF:0
FNH:0
DA:1,1
DA:2,1
DA:3,1
DA:4,1
DA:5,15
DA:6,15
DA:7,15
DA:8,15
DA:9,15
DA:10,15
DA:11,15
DA:12,15
DA:13,15
DA:14,15
DA:15,15
DA:16,15
DA:17,15
DA:18,15
DA:19,1
LF:19
LH:19
BRDA:4,0,0,15
BRF:1
BRH:1
end_of_record
TN:
SF:src/components/Sliders/Slider.jsx
FN:51,IconStyle
FN:85,StyledRadioBtn
FN:108,prevSlide
FN:110,nextSlide
FN:112,goToSlide
FN:114,LeftButton
FN:120,RightButton
FN:137,onClick
FNF:8
FNH:8
FNDA:24,IconStyle
FNDA:36,StyledRadioBtn
FNDA:1,prevSlide
FNDA:2,nextSlide
FNDA:1,goToSlide
FNDA:12,LeftButton
FNDA:12,RightButton
FNDA:1,onClick
DA:1,1
DA:2,1
DA:3,1
DA:4,1
DA:5,1
DA:6,1
DA:7,1
DA:8,1
DA:9,1
DA:10,1
DA:11,1
DA:12,1
DA:13,24
DA:14,24
DA:15,24
DA:16,24
DA:17,24
DA:18,24
DA:19,24
DA:20,24
DA:21,24
DA:22,24
DA:23,24
DA:24,24
DA:25,24
DA:26,1
DA:27,1
DA:28,1
DA:29,1
DA:30,1
DA:31,1
DA:32,1
DA:33,1
DA:34,1
DA:35,1
DA:36,1
DA:37,1
DA:38,1
DA:39,1
DA:40,1
DA:41,1
DA:42,1
DA:43,1
DA:44,1
DA:45,1
DA:46,1
DA:47,1
DA:48,1
DA:49,1
DA:50,1
DA:51,1
DA:52,24
DA:53,24
DA:54,24
DA:55,24
DA:56,24
DA:57,24
DA:58,24
DA:59,24
DA:60,24
DA:61,24
DA:62,24
DA:63,24
DA:64,24
DA:65,24
DA:66,1
DA:67,1
DA:68,12
DA:69,1
DA:70,1
DA:71,1
DA:72,12
DA:73,1
DA:74,1
DA:75,1
DA:76,36
DA:77,36
DA:78,36
DA:79,36
DA:80,36
DA:81,36
DA:82,36
DA:83,1
DA:84,1
DA:85,1
DA:86,36
DA:87,36
DA:88,36
DA:89,36
DA:90,36
DA:91,36
DA:92,36
DA:93,36
DA:94,36
DA:95,1
DA:96,1
DA:97,12
DA:98,1
DA:99,1
DA:100,24
DA:101,1
DA:102,1
DA:103,1
DA:104,12
DA:105,12
DA:106,12
DA:107,12
DA:108,12
DA:109,12
DA:110,12
DA:111,12
DA:112,12
DA:113,12
DA:114,12
DA:115,12
DA:116,12
DA:117,12
DA:118,12
DA:119,12
DA:120,12
DA:121,12
DA:122,12
DA:123,12
DA:124,12
DA:125,12
DA:126,12
DA:127,12
DA:128,12
DA:129,12
DA:130,12
DA:131,12
DA:132,12
DA:133,12
DA:134,36
DA:135,36
DA:136,36
DA:137,36
DA:138,36
DA:139,36
DA:140,36
DA:141,12
DA:142,12
DA:143,12
DA:144,12
DA:145,1
LF:145
LH:145
BRDA:12,0,0,24
BRDA:51,1,0,24
BRDA:67,2,0,12
BRDA:71,3,0,12
BRDA:75,4,0,36
BRDA:85,5,0,36
BRDA:96,6,0,12
BRDA:99,7,0,24
BRDA:103,8,0,12
BRDA:104,9,0,0
BRDA:108,10,0,1
BRDA:110,11,0,2
BRDA:112,12,0,1
BRDA:114,13,0,12
BRDA:120,14,0,12
BRDA:133,15,0,36
BRDA:139,16,0,12
BRDA:139,17,0,24
BRDA:137,18,0,1
BRF:19
BRH:18
end_of_record
TN:
SF:src/components/Video/AllVidoeClips.jsx
FNF:0
FNH:0
DA:1,1
DA:2,1
DA:3,1
DA:4,1
DA:5,1
DA:6,1
DA:7,1
DA:8,4
DA:9,4
DA:10,4
DA:11,4
DA:12,4
DA:13,4
DA:14,4
DA:15,4
DA:16,4
DA:17,4
DA:18,1
DA:19,1
DA:20,1
LF:20
LH:20
BRDA:7,0,0,4
BRDA:14,1,0,4
BRF:2
BRH:2
end_of_record
TN:
SF:src/components/Video/Trailer.jsx
FNF:0
FNH:0
DA:1,1
DA:2,1
DA:3,1
DA:4,1
DA:5,1
DA:6,2
DA:7,2
DA:8,2
DA:9,2
DA:10,2
DA:11,2
DA:12,2
DA:13,2
DA:14,1
DA:15,1
DA:16,1
LF:16
LH:16
BRDA:5,0,0,2
BRDA:9,1,0,1
BRDA:9,2,0,0
BRF:3
BRH:2
end_of_record
TN:
SF:src/components/Video/VideoPlayer.jsx
FNF:0
FNH:0
DA:1,1
DA:2,1
DA:3,1
DA:4,1
DA:5,1
DA:6,1
DA:7,1
DA:8,1
DA:9,1
DA:10,1
DA:11,1
DA:12,1
DA:13,1
DA:14,1
DA:15,1
DA:16,1
DA:17,1
DA:18,1
DA:19,1
DA:20,1
DA:21,1
DA:22,7
DA:23,5
DA:24,5
DA:25,5
DA:26,5
DA:27,5
DA:28,5
DA:29,5
DA:30,5
DA:31,5
DA:32,5
DA:33,5
DA:34,5
DA:35,5
DA:36,5
DA:37,5
DA:38,5
DA:39,5
DA:40,5
DA:41,5
DA:42,5
DA:43,5
DA:44,5
DA:45,5
DA:46,5
DA:47,5
DA:48,5
DA:49,5
DA:50,5
DA:51,1
LF:51
LH:51
BRDA:21,0,0,7
BRDA:22,1,0,5
BRDA:30,2,0,4
BRF:3
BRH:3
end_of_record
TN:
SF:src/components/Wrappers/ComponentWrapper.jsx
FNF:0
FNH:0
DA:1,1
DA:2,1
DA:3,1
DA:4,1
DA:5,36
DA:6,36
DA:7,36
DA:8,36
DA:9,1
LF:9
LH:9
BRDA:4,0,0,36
BRF:1
BRH:1
end_of_record
TN:
SF:src/components/Wrappers/TrailerWrapper.jsx
FNF:0
FNH:0
DA:1,1
DA:2,1
DA:3,1
DA:4,2
DA:5,2
DA:6,2
DA:7,2
DA:8,1
LF:8
LH:8
BRDA:3,0,0,2
BRF:1
BRH:1
end_of_record
TN:
SF:src/components/common/BasicModal.jsx
FNF:0
FNH:0
DA:1,1
DA:2,1
DA:3,1
DA:4,1
DA:5,7
DA:6,7
DA:7,7
DA:8,7
DA:9,7
DA:10,7
DA:11,7
DA:12,7
DA:13,7
DA:14,7
DA:15,7
DA:16,7
DA:17,7
DA:18,7
DA:19,7
DA:20,7
DA:21,7
DA:22,7
DA:23,7
DA:24,1
DA:25,1
DA:26,1
DA:27,1
DA:28,1
DA:29,1
DA:30,1
DA:31,1
DA:32,7
DA:33,7
DA:34,7
DA:35,7
DA:36,7
DA:37,7
DA:38,7
DA:39,7
DA:40,7
DA:41,1
DA:42,1
DA:43,1
DA:44,7
DA:45,7
DA:46,7
DA:47,7
DA:48,7
DA:49,7
DA:50,7
DA:51,7
DA:52,7
DA:53,1
DA:54,1
DA:55,1
DA:56,14
DA:57,14
DA:58,14
DA:59,14
DA:60,14
DA:61,14
DA:62,14
DA:63,14
DA:64,14
DA:65,1
DA:66,1
DA:67,1
DA:68,1
DA:69,41
DA:70,7
DA:71,7
DA:72,7
DA:73,7
DA:74,7
DA:75,41
DA:76,41
DA:77,41
DA:78,41
DA:79,41
DA:80,41
DA:81,41
DA:82,41
DA:83,41
DA:84,41
DA:85,41
DA:86,41
DA:87,1
LF:87
LH:87
BRDA:4,0,0,7
BRDA:31,1,0,7
BRDA:43,2,0,7
BRDA:55,3,0,14
BRDA:68,4,0,41
BRDA:69,5,0,34
BRDA:69,6,0,15
BRDA:69,7,0,7
BRDA:75,8,0,1
BRF:9
BRH:9
end_of_record
TN:
SF:src/components/common/BasicTitle.jsx
FNF:0
FNH:0
DA:1,1
DA:2,1
DA:3,4
DA:4,4
DA:5,4
DA:6,4
DA:7,4
DA:8,4
DA:9,4
DA:10,4
DA:11,4
DA:12,4
DA:13,1
LF:13
LH:13
BRDA:2,0,0,4
BRF:1
BRH:1
end_of_record
TN:
SF:src/components/common/CustomImg.jsx
FN:3,CustomImg
FNF:1
FNH:1
FNDA:55,CustomImg
DA:1,1
DA:2,1
DA:3,1
DA:4,55
DA:5,55
DA:6,55
DA:7,55
DA:8,55
DA:9,55
DA:10,55
DA:11,55
DA:12,55
DA:13,55
DA:14,55
DA:15,55
DA:16,55
DA:17,55
DA:18,55
DA:19,55
DA:20,55
LF:20
LH:20
BRDA:3,0,0,55
BRDA:8,1,0,28
BRDA:11,2,0,54
BRDA:12,3,0,54
BRDA:13,4,0,44
BRDA:13,5,0,44
BRF:6
BRH:6
end_of_record
TN:
SF:src/utils/createStrWithNameFromData.mjs
FN:1,createStrWithNameFromData
FNF:1
FNH:1
FNDA:44,createStrWithNameFromData
DA:1,1
DA:2,44
DA:3,24
DA:4,24
DA:5,24
DA:6,24
DA:7,24
LF:7
LH:7
BRDA:1,0,0,44
BRDA:2,1,0,24
BRDA:2,2,0,20
BRDA:4,3,0,49
BRDA:5,4,0,45
BRF:5
BRH:5
end_of_record
TN:
SF:src/utils/transformDate.mjs
FN:1,transformDate
FNF:1
FNH:1
FNDA:77,transformDate
DA:1,1
DA:2,77
DA:3,53
DA:4,53
LF:4
LH:4
BRDA:1,0,0,77
BRDA:2,1,0,53
BRDA:2,2,0,24
BRF:3
BRH:3
end_of_record
TN:
SF:src/utils/transformDateForReview.mjs
FN:1,isValidDate
FN:11,transformDateForReview
FNF:2
FNH:2
FNDA:19,isValidDate
FNDA:19,transformDateForReview
DA:1,1
DA:2,19
DA:3,18
DA:4,18
DA:5,19
DA:6,2
DA:7,2
DA:8,16
DA:9,16
DA:10,1
DA:11,1
DA:12,19
DA:13,16
DA:14,16
LF:14
LH:14
BRDA:1,0,0,19
BRDA:2,1,0,18
BRDA:2,2,0,1
BRDA:2,3,0,18
BRDA:5,4,0,2
BRDA:7,5,0,16
BRDA:11,6,0,19
BRDA:12,7,0,3
BRDA:12,8,0,16
BRF:9
BRH:9
end_of_record
TN:
SF:src/utils/transformMoney.mjs
FN:1,transformMoney
FNF:1
FNH:1
FNDA:48,transformMoney
DA:1,1
DA:2,48
DA:3,25
DA:4,25
DA:5,25
DA:6,25
DA:7,25
DA:8,25
LF:8
LH:8
BRDA:1,0,0,48
BRDA:2,1,0,26
BRDA:2,2,0,28
BRDA:2,3,0,23
BRDA:2,4,0,25
BRF:5
BRH:5
end_of_record
TN:
SF:src/utils/transformRuntime.mjs
FN:1,transformRuntime
FNF:1
FNH:1
FNDA:35,transformRuntime
DA:1,1
DA:2,35
DA:3,16
DA:4,16
DA:5,16
DA:6,35
DA:7,35
DA:8,35
DA:9,35
LF:9
LH:9
BRDA:1,0,0,35
BRDA:2,1,0,19
BRDA:2,2,0,25
BRDA:2,3,0,19
BRDA:2,4,0,16
BRDA:6,5,0,15
BRDA:6,6,0,2
BRDA:6,7,0,14
BRDA:7,8,0,1
BRDA:7,9,0,1
BRDA:7,10,0,13
BRDA:8,11,0,13
BRF:12
BRH:12
end_of_record
TN:
SF:src/utils/updateSeasonUrl.mjs
FN:1,updateSeasonUrl
FNF:1
FNH:1
FNDA:6,updateSeasonUrl
DA:1,1
DA:2,6
DA:3,4
DA:4,4
DA:5,4
DA:6,4
DA:7,4
LF:7
LH:7
BRDA:1,0,0,6
BRDA:1,1,0,5
BRDA:1,2,0,5
BRDA:1,3,0,1
BRDA:2,4,0,5
BRDA:2,5,0,4
BRDA:2,6,0,2
BRF:7
BRH:7
end_of_record
