TN:
SF:src/firebaseApi.js
FN:2,_regeneratorRuntime
FN:7,_callee
FN:12,_callee2
FN:22,_callee3
FN:31,_callee4
FN:41,_callee5
FN:50,_callee6
FN:58,_callee7
FN:66,_callee8
FN:71,_callee9
FN:76,_callee10
FN:81,_callee11
FN:86,_callee12
FNF:13
FNH:1
FNDA:1,_regeneratorRuntime
FNDA:0,_callee
FNDA:0,_callee2
FNDA:0,_callee3
FNDA:0,_callee4
FNDA:0,_callee5
FNDA:0,_callee6
FNDA:0,_callee7
FNDA:0,_callee8
FNDA:0,_callee9
FNDA:0,_callee10
FNDA:0,_callee11
FNDA:0,_callee12
DA:1,1
DA:2,1
DA:3,1
DA:4,1
DA:5,1
DA:6,1
DA:7,1
DA:8,0
DA:9,0
DA:10,1
DA:11,1
DA:12,1
DA:13,0
DA:14,0
DA:15,0
DA:16,0
DA:17,0
DA:18,0
DA:19,0
DA:20,1
DA:21,1
DA:22,1
DA:23,0
DA:24,0
DA:25,0
DA:26,0
DA:27,0
DA:28,0
DA:29,1
DA:30,1
DA:31,1
DA:32,0
DA:33,0
DA:34,0
DA:35,0
DA:36,0
DA:37,0
DA:38,0
DA:39,1
DA:40,1
DA:41,1
DA:42,0
DA:43,0
DA:44,0
DA:45,0
DA:46,0
DA:47,0
DA:48,1
DA:49,1
DA:50,1
DA:51,0
DA:52,0
DA:53,0
DA:54,0
DA:55,0
DA:56,1
DA:57,1
DA:58,1
DA:59,0
DA:60,0
DA:61,0
DA:62,0
DA:63,0
DA:64,1
DA:65,1
DA:66,1
DA:67,0
DA:68,0
DA:69,1
DA:70,1
DA:71,1
DA:72,0
DA:73,0
DA:74,1
DA:75,1
DA:76,1
DA:77,0
DA:78,0
DA:79,1
DA:80,1
DA:81,1
DA:82,0
DA:83,0
DA:84,1
DA:85,1
DA:86,1
DA:87,0
DA:88,0
DA:89,1
DA:90,1
DA:91,1
DA:92,1
DA:93,1
DA:94,1
DA:95,1
DA:96,1
DA:97,1
DA:98,1
DA:99,1
DA:100,1
DA:101,1
DA:102,1
DA:103,1
DA:104,1
LF:104
LH:56
BRDA:2,0,0,1
BRDA:7,1,0,1
BRDA:12,2,0,1
BRDA:22,3,0,1
BRDA:31,4,0,1
BRDA:41,5,0,1
BRDA:50,6,0,1
BRDA:58,7,0,1
BRDA:66,8,0,1
BRDA:71,9,0,1
BRDA:76,10,0,1
BRDA:81,11,0,1
BRDA:86,12,0,1
BRF:13
BRH:13
end_of_record
TN:
SF:src/Context/Context.jsx
FNF:0
FNH:0
DA:1,1
DA:2,1
DA:3,1
DA:4,1
DA:5,1
DA:6,1
DA:7,1
DA:8,1
DA:9,1
DA:10,1
DA:11,1
DA:12,1
DA:13,1
DA:14,1
DA:15,1
DA:16,1
DA:17,1
DA:18,1
LF:18
LH:18
BRF:0
BRH:0
end_of_record
TN:
SF:src/components/Authentication/SignIn.jsx
FN:2,asyncGeneratorStep
FN:2,_asyncToGenerator
FN:2,_slicedToArray
FN:2,_nonIterableRest
FN:2,_unsupportedIterableToArray
FN:2,_arrayLikeToArray
FN:2,_iterableToArrayLimit
FN:2,_arrayWithHoles
FN:7,SignIn
FN:14,handlerOpen
FN:15,handlerClose
FN:17,handlerEmailChange
FN:22,handlerPasswordChange
FN:27,handlerSignIn
FNF:14
FNH:3
FNDA:0,asyncGeneratorStep
FNDA:0,_asyncToGenerator
FNDA:15,_slicedToArray
FNDA:0,_nonIterableRest
FNDA:0,_unsupportedIterableToArray
FNDA:0,_arrayLikeToArray
FNDA:0,_iterableToArrayLimit
FNDA:15,_arrayWithHoles
FNDA:3,SignIn
FNDA:0,handlerOpen
FNDA:0,handlerClose
FNDA:0,handlerEmailChange
FNDA:0,handlerPasswordChange
FNDA:0,handlerSignIn
DA:1,1
DA:2,15
DA:3,1
DA:4,1
DA:5,1
DA:6,1
DA:7,1
DA:8,3
DA:9,3
DA:10,3
DA:11,3
DA:12,3
DA:13,3
DA:14,3
DA:15,3
DA:16,3
DA:17,3
DA:18,0
DA:19,0
DA:20,3
DA:21,3
DA:22,3
DA:23,0
DA:24,0
DA:25,3
DA:26,3
DA:27,3
DA:28,0
DA:29,0
DA:30,0
DA:31,0
DA:32,0
DA:33,0
DA:34,0
DA:35,0
DA:36,3
DA:37,3
DA:38,3
DA:39,3
DA:40,3
DA:41,3
DA:42,3
DA:43,3
DA:44,3
DA:45,3
DA:46,3
DA:47,3
DA:48,3
DA:49,3
DA:50,3
DA:51,3
DA:52,3
DA:53,3
DA:54,3
DA:55,3
DA:56,3
DA:57,3
DA:58,3
LF:58
LH:46
BRDA:2,0,0,15
BRDA:2,1,0,0
BRDA:2,2,0,0
BRDA:2,3,0,0
BRDA:2,4,0,15
BRDA:7,5,0,3
BRF:6
BRH:3
end_of_record
TN:
SF:src/components/Authentication/SignOut.jsx
FN:5,SignOut
FNF:1
FNH:0
FNDA:0,SignOut
DA:1,1
DA:2,1
DA:3,1
DA:4,1
DA:5,1
DA:6,0
DA:7,0
DA:8,0
DA:9,0
DA:10,0
DA:11,0
DA:12,0
LF:12
LH:5
BRF:0
BRH:0
end_of_record
TN:
SF:src/components/Authentication/SignUp.jsx
FN:8,SignUp
FN:16,handlerOpen
FN:17,handlerClose
FN:19,handlerEmailChange
FN:24,handlerPasswordChange
FN:29,handlerSignUp
FNF:6
FNH:1
FNDA:3,SignUp
FNDA:0,handlerOpen
FNDA:0,handlerClose
FNDA:0,handlerEmailChange
FNDA:0,handlerPasswordChange
FNDA:0,handlerSignUp
DA:1,1
DA:2,1
DA:3,1
DA:4,1
DA:5,1
DA:6,1
DA:7,1
DA:8,1
DA:9,3
DA:10,3
DA:11,3
DA:12,3
DA:13,3
DA:14,3
DA:15,3
DA:16,3
DA:17,3
DA:18,3
DA:19,3
DA:20,0
DA:21,0
DA:22,3
DA:23,3
DA:24,3
DA:25,0
DA:26,0
DA:27,3
DA:28,3
DA:29,3
DA:30,0
DA:31,0
DA:32,0
DA:33,0
DA:34,0
DA:35,0
DA:36,0
DA:37,0
DA:38,0
DA:39,0
DA:40,0
DA:41,3
DA:42,3
DA:43,3
DA:44,3
DA:45,3
DA:46,3
DA:47,3
DA:48,3
DA:49,3
DA:50,3
DA:51,3
DA:52,3
DA:53,3
DA:54,3
DA:55,3
DA:56,3
DA:57,3
DA:58,3
DA:59,3
DA:60,3
DA:61,3
DA:62,3
DA:63,3
DA:64,3
LF:64
LH:49
BRDA:8,0,0,3
BRF:1
BRH:1
end_of_record
TN:
SF:src/components/Authentication/components/EmailAndPasswordFields.jsx
FN:57,EmailAndPasswordFields
FNF:1
FNH:1
FNDA:6,EmailAndPasswordFields
DA:1,1
DA:2,1
DA:3,1
DA:4,1
DA:5,1
DA:6,0
DA:7,0
DA:8,1
DA:9,1
DA:10,1
DA:11,0
DA:12,0
DA:13,0
DA:14,0
DA:15,0
DA:16,0
DA:17,0
DA:18,0
DA:19,0
DA:20,0
DA:21,0
DA:22,0
DA:23,0
DA:24,0
DA:25,0
DA:26,0
DA:27,1
DA:28,1
DA:29,1
DA:30,0
DA:31,0
DA:32,0
DA:33,0
DA:34,0
DA:35,0
DA:36,0
DA:37,0
DA:38,0
DA:39,0
DA:40,0
DA:41,0
DA:42,0
DA:43,0
DA:44,0
DA:45,0
DA:46,0
DA:47,0
DA:48,0
DA:49,0
DA:50,0
DA:51,0
DA:52,0
DA:53,0
DA:54,0
DA:55,1
DA:56,1
DA:57,1
DA:58,6
DA:59,6
DA:60,6
DA:61,6
DA:62,6
DA:63,6
DA:64,6
DA:65,6
DA:66,6
DA:67,6
DA:68,6
DA:69,6
DA:70,6
DA:71,6
DA:72,6
DA:73,6
DA:74,6
DA:75,6
DA:76,6
DA:77,6
DA:78,6
DA:79,6
DA:80,6
DA:81,6
DA:82,6
DA:83,6
DA:84,6
DA:85,0
DA:86,6
DA:87,6
DA:88,6
LF:88
LH:44
BRDA:57,0,0,6
BRDA:74,1,0,0
BRDA:84,2,0,0
BRF:3
BRH:1
end_of_record
TN:
SF:src/components/Loader/Loader.jsx
FN:5,Loader
FNF:1
FNH:1
FNDA:1,Loader
DA:1,1
DA:2,1
DA:3,1
DA:4,1
DA:5,1
DA:6,1
DA:7,1
DA:8,1
DA:9,1
DA:10,1
DA:11,1
DA:12,1
DA:13,1
DA:14,1
DA:15,1
DA:16,1
DA:17,1
LF:17
LH:17
BRDA:5,0,0,1
BRF:1
BRH:1
end_of_record
TN:
SF:src/components/NavBar/NavBar.jsx
FN:23,handleOpenNavMenu
FN:27,handleCloseNavMenu
FN:31,handleOpenCategoryMenu
FN:38,handleCloseAllMenu
FN:146,onClick
FN:170,onClick
FNF:6
FNH:0
FNDA:0,handleOpenNavMenu
FNDA:0,handleCloseNavMenu
FNDA:0,handleOpenCategoryMenu
FNDA:0,handleCloseAllMenu
FNDA:0,onClick
FNDA:0,onClick
DA:1,1
DA:2,1
DA:3,1
DA:4,1
DA:5,1
DA:6,1
DA:7,1
DA:8,1
DA:9,1
DA:10,1
DA:11,1
DA:12,1
DA:13,1
DA:14,1
DA:15,1
DA:16,1
DA:17,3
DA:18,3
DA:19,3
DA:20,3
DA:21,3
DA:22,3
DA:23,3
DA:24,0
DA:25,3
DA:26,3
DA:27,3
DA:28,0
DA:29,3
DA:30,3
DA:31,3
DA:32,0
DA:33,0
DA:34,0
DA:35,0
DA:36,3
DA:37,3
DA:38,3
DA:39,0
DA:40,0
DA:41,0
DA:42,3
DA:43,3
DA:44,3
DA:45,3
DA:46,3
DA:47,3
DA:48,3
DA:49,3
DA:50,3
DA:51,3
DA:52,3
DA:53,3
DA:54,3
DA:55,3
DA:56,3
DA:57,3
DA:58,3
DA:59,3
DA:60,3
DA:61,3
DA:62,3
DA:63,3
DA:64,3
DA:65,3
DA:66,3
DA:67,3
DA:68,3
DA:69,3
DA:70,3
DA:71,3
DA:72,3
DA:73,3
DA:74,3
DA:75,3
DA:76,3
DA:77,3
DA:78,3
DA:79,3
DA:80,3
DA:81,3
DA:82,3
DA:83,3
DA:84,27
DA:85,27
DA:86,27
DA:87,27
DA:88,27
DA:89,27
DA:90,27
DA:91,3
DA:92,3
DA:93,3
DA:94,12
DA:95,12
DA:96,12
DA:97,12
DA:98,12
DA:99,12
DA:100,12
DA:101,12
DA:102,27
DA:103,12
DA:104,12
DA:105,3
DA:106,3
DA:107,3
DA:108,3
DA:109,3
DA:110,3
DA:111,3
DA:112,3
DA:113,3
DA:114,3
DA:115,3
DA:116,3
DA:117,3
DA:118,3
DA:119,3
DA:120,3
DA:121,3
DA:122,3
DA:123,3
DA:124,3
DA:125,3
DA:126,3
DA:127,3
DA:128,3
DA:129,3
DA:130,3
DA:131,3
DA:132,3
DA:133,3
DA:134,12
DA:135,3
DA:136,3
DA:137,3
DA:138,3
DA:139,3
DA:140,3
DA:141,12
DA:142,12
DA:143,9
DA:144,9
DA:145,9
DA:146,9
DA:147,9
DA:148,9
DA:149,12
DA:150,12
DA:151,3
DA:152,3
DA:153,3
DA:154,3
DA:155,3
DA:156,3
DA:157,3
DA:158,3
DA:159,3
DA:160,3
DA:161,3
DA:162,3
DA:163,12
DA:164,12
DA:165,3
DA:166,3
DA:167,12
DA:168,12
DA:169,9
DA:170,9
DA:171,9
DA:172,9
DA:173,9
DA:174,9
DA:175,12
DA:176,12
DA:177,12
DA:178,12
DA:179,12
DA:180,3
DA:181,3
DA:182,3
DA:183,3
DA:184,3
DA:185,3
DA:186,3
DA:187,3
DA:188,3
DA:189,0
DA:190,0
DA:191,3
DA:192,3
DA:193,3
DA:194,3
DA:195,3
DA:196,1
LF:196
LH:185
BRDA:16,0,0,3
BRDA:189,1,0,0
BRDA:83,2,0,27
BRDA:93,3,0,12
BRDA:101,4,0,27
BRDA:133,5,0,12
BRDA:134,6,0,3
BRDA:142,7,0,9
BRDA:162,8,0,12
BRDA:164,9,0,3
BRDA:168,10,0,9
BRF:11
BRH:10
end_of_record
TN:
SF:src/components/NavBar/commponents/CustomMenuIcon.jsx
FNF:0
FNH:0
DA:1,1
DA:2,1
DA:3,1
DA:4,1
DA:5,1
DA:6,3
DA:7,3
DA:8,3
DA:9,3
DA:10,3
DA:11,3
DA:12,3
DA:13,3
DA:14,3
DA:15,3
DA:16,1
LF:16
LH:16
BRDA:5,0,0,3
BRDA:11,1,0,0
BRF:2
BRH:1
end_of_record
TN:
SF:src/components/NavBar/commponents/GoHomeLink.jsx
FN:4,GoHomeLink
FNF:1
FNH:1
FNDA:6,GoHomeLink
DA:1,1
DA:2,1
DA:3,1
DA:4,1
DA:5,6
DA:6,6
DA:7,6
DA:8,6
DA:9,6
DA:10,6
LF:10
LH:10
BRDA:4,0,0,6
BRF:1
BRH:1
end_of_record
TN:
SF:src/components/NavBar/commponents/NavBarMenu.jsx
FNF:0
FNH:0
DA:1,1
DA:2,1
DA:3,1
DA:4,1
DA:5,15
DA:6,15
DA:7,15
DA:8,15
DA:9,15
DA:10,15
DA:11,15
DA:12,15
DA:13,15
DA:14,15
DA:15,15
DA:16,15
DA:17,15
DA:18,15
DA:19,15
DA:20,15
DA:21,15
DA:22,15
DA:23,15
DA:24,1
LF:24
LH:24
BRDA:4,0,0,15
BRF:1
BRH:1
end_of_record
TN:
SF:src/components/NavBar/commponents/NuvBarButton.jsx
FNF:0
FNH:0
DA:1,1
DA:2,1
DA:3,1
DA:4,18
DA:5,18
DA:6,18
DA:7,18
DA:8,1
DA:9,1
DA:10,18
DA:11,18
DA:12,18
DA:13,1
LF:13
LH:13
BRDA:3,0,0,18
BRDA:9,1,0,18
BRF:2
BRH:2
end_of_record
TN:
SF:src/components/Search/Search.jsx
FN:22,Search
FN:24,searchHandlerChange
FN:27,searchHandlerSubmit
FNF:3
FNH:2
FNDA:6,Search
FNDA:1,searchHandlerChange
FNDA:0,searchHandlerSubmit
DA:1,1
DA:2,1
DA:3,1
DA:4,1
DA:5,1
DA:6,1
DA:7,1
DA:8,6
DA:9,6
DA:10,6
DA:11,6
DA:12,6
DA:13,6
DA:14,6
DA:15,6
DA:16,6
DA:17,6
DA:18,6
DA:19,6
DA:20,1
DA:21,1
DA:22,1
DA:23,6
DA:24,6
DA:25,1
DA:26,6
DA:27,6
DA:28,0
DA:29,0
DA:30,0
DA:31,0
DA:32,6
DA:33,6
DA:34,6
DA:35,6
DA:36,6
DA:37,6
DA:38,6
DA:39,6
DA:40,6
DA:41,6
DA:42,6
DA:43,6
DA:44,6
DA:45,6
DA:46,6
DA:47,6
DA:48,6
LF:48
LH:44
BRDA:7,0,0,6
BRDA:22,1,0,6
BRDA:24,2,0,1
BRF:3
BRH:3
end_of_record
TN:
SF:src/components/Search/SearchIconWrapper.jsx
FNF:0
FNH:0
DA:1,1
DA:2,1
DA:3,1
DA:4,6
DA:5,6
DA:6,6
DA:7,6
DA:8,6
DA:9,6
DA:10,6
DA:11,1
LF:11
LH:11
BRDA:3,0,0,6
BRF:1
BRH:1
end_of_record
TN:
SF:src/components/Search/StyledInputBase.jsx
FNF:0
FNH:0
DA:1,1
DA:2,1
DA:3,1
DA:4,1
DA:5,6
DA:6,6
DA:7,6
DA:8,6
DA:9,6
DA:10,6
DA:11,6
DA:12,6
DA:13,6
DA:14,6
DA:15,6
DA:16,6
DA:17,6
DA:18,6
DA:19,1
LF:19
LH:19
BRDA:4,0,0,6
BRF:1
BRH:1
end_of_record
TN:
SF:src/components/common/BasicModal.jsx
FNF:0
FNH:0
DA:1,1
DA:2,1
DA:3,1
DA:4,1
DA:5,0
DA:6,0
DA:7,0
DA:8,0
DA:9,0
DA:10,0
DA:11,0
DA:12,0
DA:13,0
DA:14,0
DA:15,0
DA:16,0
DA:17,0
DA:18,0
DA:19,0
DA:20,0
DA:21,0
DA:22,0
DA:23,0
DA:24,1
DA:25,1
DA:26,1
DA:27,1
DA:28,1
DA:29,1
DA:30,1
DA:31,1
DA:32,0
DA:33,0
DA:34,0
DA:35,0
DA:36,0
DA:37,0
DA:38,0
DA:39,0
DA:40,0
DA:41,1
DA:42,1
DA:43,1
DA:44,0
DA:45,0
DA:46,0
DA:47,0
DA:48,0
DA:49,0
DA:50,0
DA:51,0
DA:52,0
DA:53,1
DA:54,1
DA:55,1
DA:56,0
DA:57,0
DA:58,0
DA:59,0
DA:60,0
DA:61,0
DA:62,0
DA:63,0
DA:64,0
DA:65,1
DA:66,1
DA:67,1
DA:68,1
DA:69,6
DA:70,6
DA:71,6
DA:72,6
DA:73,6
DA:74,6
DA:75,6
DA:76,6
DA:77,6
DA:78,6
DA:79,6
DA:80,6
DA:81,6
DA:82,6
DA:83,6
DA:84,6
DA:85,6
DA:86,1
LF:86
LH:40
BRDA:68,0,0,6
BRDA:74,1,0,0
BRF:2
BRH:1
end_of_record
